<?xml version="1.0" encoding="UTF-8"?>
<!-- Generated by org.testng.reporters.JUnitReportReporter -->
<testsuite hostname="Sneh" failures="0" tests="1" name="cmd_organization.create_organization" time="0.055" errors="0" timestamp="2025-03-14T10:10:02 IST" skipped="0">
  <testcase classname="cmd_organization.create_organization" name="deleteOrganizationTest" time="0.055"/>
</testsuite> <!-- cmd_organization.create_organization -->
